<?xml version="1.0" encoding="UTF-8"?>
<phpunit xmlns:xsi="http://www.w3.org/2001/XMLSchema-instance"
         xsi:noNamespaceSchemaLocation="http://schema.phpunit.de/4.7/phpunit.xsd"
         backupGlobals="false"
         backupStaticAttributes="false"
         colors="true"
         convertErrorsToExceptions="true"
         convertNoticesToExceptions="true"
         convertWarningsToExceptions="true"
         processIsolation="false"
         stopOnFailure="false"
         timeoutForSmallTests="1"
         timeoutForMediumTests="10"
         timeoutForLargeTests="60">
    <testsuites>
        <testsuite name="Application Test Suite">
            <directory>test/php</directory>
        </testsuite>
    </testsuites>
    <filter>
        <whitelist processUncoveredFilesFromWhitelist="true">
            <directory suffix=".php">application</directory>
        </whitelist>
        <exclude>
            <directory>vendor</directory>
            <directory>test</directory>
        </exclude>
    </filter>
    <php>
        <ini name="memory_limit" value="2048M"/>
        <ini name="max_execution_time" value="60"/>
    </php>
</phpunit>